0 info it worked if it ends with ok
1 verbose cli [ '/usr/bin/nodejs',
1 verbose cli   '/usr/bin/npm',
1 verbose cli   'install',
1 verbose cli   'accounting',
1 verbose cli   '--save' ]
2 info using npm@1.3.10
3 info using node@v0.10.25
4 verbose readDependencies using package.json deps
5 verbose cache add [ 'accounting', null ]
6 verbose cache add name=undefined spec="accounting" args=["accounting",null]
7 verbose parsed url { protocol: null,
7 verbose parsed url   slashes: null,
7 verbose parsed url   auth: null,
7 verbose parsed url   host: null,
7 verbose parsed url   port: null,
7 verbose parsed url   hostname: null,
7 verbose parsed url   hash: null,
7 verbose parsed url   search: null,
7 verbose parsed url   query: null,
7 verbose parsed url   pathname: 'accounting',
7 verbose parsed url   path: 'accounting',
7 verbose parsed url   href: 'accounting' }
8 silly lockFile 1853fd42-accounting accounting
9 verbose lock accounting /home/cptmaumau/.npm/1853fd42-accounting.lock
10 silly lockFile 1853fd42-accounting accounting
11 silly lockFile 1853fd42-accounting accounting
12 verbose addNamed [ 'accounting', '' ]
13 verbose addNamed [ null, '*' ]
14 silly lockFile 3f9a2321-accounting accounting@
15 verbose lock accounting@ /home/cptmaumau/.npm/3f9a2321-accounting.lock
16 silly addNameRange { name: 'accounting', range: '*', hasData: false }
17 verbose url raw accounting
18 verbose url resolving [ 'https://registry.npmjs.org/', './accounting' ]
19 verbose url resolved https://registry.npmjs.org/accounting
20 info trying registry request attempt 1 at 17:53:43
21 http GET https://registry.npmjs.org/accounting
22 http 200 https://registry.npmjs.org/accounting
23 silly registry.get cb [ 200,
23 silly registry.get   { server: 'CouchDB/1.5.0 (Erlang OTP/R16B03)',
23 silly registry.get     etag: '"5DFFM5J4A2AGSC9Z554S51YJB"',
23 silly registry.get     'content-type': 'application/json',
23 silly registry.get     'cache-control': 'max-age=60',
23 silly registry.get     'content-length': '7809',
23 silly registry.get     'accept-ranges': 'bytes',
23 silly registry.get     date: 'Tue, 24 Nov 2015 08:53:44 GMT',
23 silly registry.get     via: '1.1 varnish',
23 silly registry.get     age: '0',
23 silly registry.get     connection: 'keep-alive',
23 silly registry.get     'x-served-by': 'cache-nrt6124-NRT',
23 silly registry.get     'x-cache': 'HIT',
23 silly registry.get     'x-cache-hits': '1',
23 silly registry.get     'x-timer': 'S1448355224.258862,VS0,VE730',
23 silly registry.get     vary: 'Accept' } ]
24 silly addNameRange number 2 { name: 'accounting', range: '*', hasData: true }
25 silly addNameRange versions [ 'accounting', [ '0.3.0', '0.3.2', '0.4.1' ] ]
26 verbose addNamed [ 'accounting', '0.4.1' ]
27 verbose addNamed [ '0.4.1', '0.4.1' ]
28 silly lockFile 278a4900-accounting-0-4-1 accounting@0.4.1
29 verbose lock accounting@0.4.1 /home/cptmaumau/.npm/278a4900-accounting-0-4-1.lock
30 silly lockFile ab7d9b49--accounting-accounting-0-4-1-tgz https://registry.npmjs.org/accounting/-/accounting-0.4.1.tgz
31 verbose lock https://registry.npmjs.org/accounting/-/accounting-0.4.1.tgz /home/cptmaumau/.npm/ab7d9b49--accounting-accounting-0-4-1-tgz.lock
32 verbose addRemoteTarball [ 'https://registry.npmjs.org/accounting/-/accounting-0.4.1.tgz',
32 verbose addRemoteTarball   '87dd4103eff7f4460f1e186f5c677ed6cf566883' ]
33 info retry fetch attempt 1 at 17:53:44
34 verbose fetch to= /home/cptmaumau/tmp/npm-14958-fVxIUzIe/1448355224699-0.2464504719246179/tmp.tgz
35 http GET https://registry.npmjs.org/accounting/-/accounting-0.4.1.tgz
36 http 200 https://registry.npmjs.org/accounting/-/accounting-0.4.1.tgz
37 verbose tar unpack /home/cptmaumau/tmp/npm-14958-fVxIUzIe/1448355224699-0.2464504719246179/tmp.tgz
38 silly lockFile e00dabe9-24699-0-2464504719246179-package tar:///home/cptmaumau/tmp/npm-14958-fVxIUzIe/1448355224699-0.2464504719246179/package
39 verbose lock tar:///home/cptmaumau/tmp/npm-14958-fVxIUzIe/1448355224699-0.2464504719246179/package /home/cptmaumau/.npm/e00dabe9-24699-0-2464504719246179-package.lock
40 silly lockFile 301acea4-24699-0-2464504719246179-tmp-tgz tar:///home/cptmaumau/tmp/npm-14958-fVxIUzIe/1448355224699-0.2464504719246179/tmp.tgz
41 verbose lock tar:///home/cptmaumau/tmp/npm-14958-fVxIUzIe/1448355224699-0.2464504719246179/tmp.tgz /home/cptmaumau/.npm/301acea4-24699-0-2464504719246179-tmp-tgz.lock
42 silly gunzTarPerm modes [ '755', '644' ]
43 silly gunzTarPerm extractEntry package.json
44 silly gunzTarPerm extractEntry accounting.js
45 silly gunzTarPerm extractEntry accounting.min.js
46 silly gunzTarPerm extractEntry demo-resources/js/prettify.js
47 silly gunzTarPerm extractEntry demo-resources/js/libs/jquery.min.js
48 silly gunzTarPerm extractEntry demo-resources/style.css
49 silly gunzTarPerm extractEntry index.html
50 silly gunzTarPerm extractEntry license
51 silly gunzTarPerm extractEntry readme.md
52 silly gunzTarPerm extractEntry tests/jasmine/core/formatMoneySpec.js
53 silly gunzTarPerm extractEntry tests/jasmine/core/formatNumberSpec.js
54 silly gunzTarPerm extractEntry tests/jasmine/core/unformatSpec.js
55 silly gunzTarPerm extractEntry tests/jasmine/lib/jasmine/jasmine-html.js
56 silly gunzTarPerm extractEntry tests/jasmine/lib/jasmine/jasmine.js
57 silly gunzTarPerm extractEntry tests/jasmine/lib/jasmine/MIT.LICENSE
58 silly gunzTarPerm extractEntry tests/jasmine/lib/jasmine/jasmine.css
59 silly gunzTarPerm extractEntry tests/jasmine/runner.html
60 silly gunzTarPerm extractEntry tests/qunit/methods.js
61 silly gunzTarPerm extractEntry tests/qunit/speed.js
62 silly gunzTarPerm extractEntry tests/qunit/test.html
63 silly gunzTarPerm extractEntry tests/qunit/vendor/jquery.js
64 silly gunzTarPerm extractEntry tests/qunit/vendor/jslitmus.js
65 silly gunzTarPerm extractEntry tests/qunit/vendor/qunit.js
66 silly gunzTarPerm extractEntry tests/qunit/vendor/qunit.css
67 silly lockFile e00dabe9-24699-0-2464504719246179-package tar:///home/cptmaumau/tmp/npm-14958-fVxIUzIe/1448355224699-0.2464504719246179/package
68 silly lockFile e00dabe9-24699-0-2464504719246179-package tar:///home/cptmaumau/tmp/npm-14958-fVxIUzIe/1448355224699-0.2464504719246179/package
69 silly lockFile 301acea4-24699-0-2464504719246179-tmp-tgz tar:///home/cptmaumau/tmp/npm-14958-fVxIUzIe/1448355224699-0.2464504719246179/tmp.tgz
70 silly lockFile 301acea4-24699-0-2464504719246179-tmp-tgz tar:///home/cptmaumau/tmp/npm-14958-fVxIUzIe/1448355224699-0.2464504719246179/tmp.tgz
71 verbose tar pack [ '/home/cptmaumau/.npm/accounting/0.4.1/package.tgz',
71 verbose tar pack   '/home/cptmaumau/tmp/npm-14958-fVxIUzIe/1448355224699-0.2464504719246179/package' ]
72 verbose tarball /home/cptmaumau/.npm/accounting/0.4.1/package.tgz
73 verbose folder /home/cptmaumau/tmp/npm-14958-fVxIUzIe/1448355224699-0.2464504719246179/package
74 silly lockFile e00dabe9-24699-0-2464504719246179-package tar:///home/cptmaumau/tmp/npm-14958-fVxIUzIe/1448355224699-0.2464504719246179/package
75 verbose lock tar:///home/cptmaumau/tmp/npm-14958-fVxIUzIe/1448355224699-0.2464504719246179/package /home/cptmaumau/.npm/e00dabe9-24699-0-2464504719246179-package.lock
76 silly lockFile 22823503-npm-accounting-0-4-1-package-tgz tar:///home/cptmaumau/.npm/accounting/0.4.1/package.tgz
77 verbose lock tar:///home/cptmaumau/.npm/accounting/0.4.1/package.tgz /home/cptmaumau/.npm/22823503-npm-accounting-0-4-1-package-tgz.lock
78 silly lockFile e00dabe9-24699-0-2464504719246179-package tar:///home/cptmaumau/tmp/npm-14958-fVxIUzIe/1448355224699-0.2464504719246179/package
79 silly lockFile e00dabe9-24699-0-2464504719246179-package tar:///home/cptmaumau/tmp/npm-14958-fVxIUzIe/1448355224699-0.2464504719246179/package
80 silly lockFile 22823503-npm-accounting-0-4-1-package-tgz tar:///home/cptmaumau/.npm/accounting/0.4.1/package.tgz
81 silly lockFile 22823503-npm-accounting-0-4-1-package-tgz tar:///home/cptmaumau/.npm/accounting/0.4.1/package.tgz
82 silly lockFile 583064ee-mau-npm-accounting-0-4-1-package /home/cptmaumau/.npm/accounting/0.4.1/package
83 verbose lock /home/cptmaumau/.npm/accounting/0.4.1/package /home/cptmaumau/.npm/583064ee-mau-npm-accounting-0-4-1-package.lock
84 silly lockFile 583064ee-mau-npm-accounting-0-4-1-package /home/cptmaumau/.npm/accounting/0.4.1/package
85 silly lockFile 583064ee-mau-npm-accounting-0-4-1-package /home/cptmaumau/.npm/accounting/0.4.1/package
86 verbose tar unpack /home/cptmaumau/.npm/accounting/0.4.1/package.tgz
87 silly lockFile 0e3f43c9-mau-npm-accounting-0-4-1-package tar:///home/cptmaumau/.npm/accounting/0.4.1/package
88 verbose lock tar:///home/cptmaumau/.npm/accounting/0.4.1/package /home/cptmaumau/.npm/0e3f43c9-mau-npm-accounting-0-4-1-package.lock
89 silly lockFile 22823503-npm-accounting-0-4-1-package-tgz tar:///home/cptmaumau/.npm/accounting/0.4.1/package.tgz
90 verbose lock tar:///home/cptmaumau/.npm/accounting/0.4.1/package.tgz /home/cptmaumau/.npm/22823503-npm-accounting-0-4-1-package-tgz.lock
91 silly gunzTarPerm modes [ '755', '644' ]
92 silly gunzTarPerm extractEntry package.json
93 silly gunzTarPerm extractEntry accounting.js
94 silly gunzTarPerm extractEntry accounting.min.js
95 silly gunzTarPerm extractEntry demo-resources/js/prettify.js
96 silly gunzTarPerm extractEntry demo-resources/js/libs/jquery.min.js
97 silly gunzTarPerm extractEntry demo-resources/style.css
98 silly gunzTarPerm extractEntry index.html
99 silly gunzTarPerm extractEntry license
100 silly gunzTarPerm extractEntry readme.md
101 silly gunzTarPerm extractEntry tests/jasmine/core/formatMoneySpec.js
102 silly gunzTarPerm extractEntry tests/jasmine/core/formatNumberSpec.js
103 silly gunzTarPerm extractEntry tests/jasmine/core/unformatSpec.js
104 silly gunzTarPerm extractEntry tests/jasmine/lib/jasmine/jasmine-html.js
105 silly gunzTarPerm extractEntry tests/jasmine/lib/jasmine/jasmine.js
106 silly gunzTarPerm extractEntry tests/jasmine/lib/jasmine/MIT.LICENSE
107 silly gunzTarPerm extractEntry tests/jasmine/lib/jasmine/jasmine.css
108 silly gunzTarPerm extractEntry tests/jasmine/runner.html
109 silly gunzTarPerm extractEntry tests/qunit/methods.js
110 silly gunzTarPerm extractEntry tests/qunit/speed.js
111 silly gunzTarPerm extractEntry tests/qunit/test.html
112 silly gunzTarPerm extractEntry tests/qunit/vendor/jquery.js
113 silly gunzTarPerm extractEntry tests/qunit/vendor/jslitmus.js
114 silly gunzTarPerm extractEntry tests/qunit/vendor/qunit.js
115 silly gunzTarPerm extractEntry tests/qunit/vendor/qunit.css
116 silly lockFile 0e3f43c9-mau-npm-accounting-0-4-1-package tar:///home/cptmaumau/.npm/accounting/0.4.1/package
117 silly lockFile 0e3f43c9-mau-npm-accounting-0-4-1-package tar:///home/cptmaumau/.npm/accounting/0.4.1/package
118 silly lockFile 22823503-npm-accounting-0-4-1-package-tgz tar:///home/cptmaumau/.npm/accounting/0.4.1/package.tgz
119 silly lockFile 22823503-npm-accounting-0-4-1-package-tgz tar:///home/cptmaumau/.npm/accounting/0.4.1/package.tgz
120 verbose chmod /home/cptmaumau/.npm/accounting/0.4.1/package.tgz 644
121 verbose chown /home/cptmaumau/.npm/accounting/0.4.1/package.tgz [ 1000, 1000 ]
122 silly lockFile ab7d9b49--accounting-accounting-0-4-1-tgz https://registry.npmjs.org/accounting/-/accounting-0.4.1.tgz
123 silly lockFile ab7d9b49--accounting-accounting-0-4-1-tgz https://registry.npmjs.org/accounting/-/accounting-0.4.1.tgz
124 silly lockFile 278a4900-accounting-0-4-1 accounting@0.4.1
125 silly lockFile 278a4900-accounting-0-4-1 accounting@0.4.1
126 silly lockFile 3f9a2321-accounting accounting@
127 silly lockFile 3f9a2321-accounting accounting@
128 silly resolved [ { name: 'accounting',
128 silly resolved     description: 'number, money and currency formatting library',
128 silly resolved     homepage: 'http://openexchangerates.github.io/accounting.js',
128 silly resolved     keywords:
128 silly resolved      [ 'accounting',
128 silly resolved        'number',
128 silly resolved        'money',
128 silly resolved        'currency',
128 silly resolved        'format',
128 silly resolved        'utilities',
128 silly resolved        'finance',
128 silly resolved        'exchange' ],
128 silly resolved     author:
128 silly resolved      { name: 'Open Exchange Rates',
128 silly resolved        email: 'info@openexchangerates.org',
128 silly resolved        url: 'https://www.openexchangerates.org' },
128 silly resolved     contributors: [ [Object], [Object] ],
128 silly resolved     dependencies: {},
128 silly resolved     repository:
128 silly resolved      { type: 'git',
128 silly resolved        url: 'git://github.com/openexchangerates/accounting.js.git' },
128 silly resolved     main: 'accounting.js',
128 silly resolved     version: '0.4.1',
128 silly resolved     readme: '**accounting.js** is a tiny JavaScript library for number, money and currency parsing/formatting. It\'s lightweight, fully localisable, has no dependencies, and works great client-side or server-side. Use standalone or as a nodeJS/npm and AMD/requireJS module.\n\nVisit the plugin homepage for demos and documentation: **http://openexchangerates.github.io/accounting.js/**\n\nPlease checkout or download the latest stable tag before using in production. [Bug reports](https://github.com/openexchangerates/accounting.js/issues) and pull requests are welcome.\n\nMaintained by [Open Exchange Rates](https://openexchangerates.org "Free reliable exchange rates/currency conversion data API") and originally by [@josscrowcroft](http://twitter.com/josscrowcroft) and other [contributors](https://github.com/openexchangerates/accounting.js/contributors).\n\n---\n\n### Works great with:\n\n* **[money.js](http://openexchangerates.github.com/money.js "JavaScript and NodeJS Currency Conversion Library")** - a tiny (1kb) standalone JavaScript currency conversion library, for web & nodeJS\n* **[Open Exchange Rates](https://openexchangerates.org "realtime and historical exchange rates/currency conversion data API")** - the free currency conversion data API\n\n---\n\n## Changelog\n\n**v0.4.1** - Alias `accounting.formatNumber()` as `accounting.format()`\n\n**v0.4** - Transferred repository to Open Exchange Rates for ongoing maintenance\n\n**v0.3.2** - Fixed package.json dependencies (should be empty object)\n\n**v0.3.0**\n* Rewrote library structure similar to underscore.js for use as a nodeJS/npm and AMD module. Use `npm install accounting` and then `var accounting = require("accounting");` in your nodeJS scripts. \n* Also works with requireJS or any AMD module loader.\n* **unformat** now only attempts to parse the number if it\'s not already a valid number. \n* `acounting.unformat` now also aliased as `acounting.parse`\n* Fixed an IE bug in the `defaults` method\n\n**v0.2.2** - Fixed same issue as \\#Num: #24 in **formatNumber**; switch to Google Closure Compiler for minified version.\n\n**v0.2.1** - Fixed issue \\#Num: #24 (locally-defined settings object was being modified by **formatMoney**)\n\n**v0.2**\n* Rewrote formatting system for **formatMoney** and **formatColumn** for better control of string output\n* Now supports separate formats for negative and zero values (optionally) via `accounting.settings.currency.format`\n* Internal improvements and helper methods\n\n**v0.1.4**\n* **formatMoney** recursively formats arrays\n* Added Jasmine test suite (thanks to [millermedeiros](https://github.com/millermedeiros)) and QUnit functionality/speed tests\n\n**v0.1.3**\n* Added configurable settings object for default formatting parameters.\n* Added `format` parameter to control symbol and value position (default `"%s%v"`, or [symbol][value])\n* Methods consistently accept object as 2nd parameter, matching/overriding the library defaults\n\n**v0.1.2**\n* **formatColumn** works recursively on nested arrays (e.g. `accounting.formatColumn( [[1,12,123,1234], [1234,123,12,1]] )`, returns matching array with inner columns lined up)\n* Fix rounding in **formatNumber**\n\n**v0.1.1**\n* Added **toFixed** method (`accounting.toFixed(value, precision)`), which treats floats more like decimals for more accurate currency rounding\n* Minified version preserves semicolons\n* Fixed `NaN` errors when no value in **unformat**\n\n**v0.1** - First version\n',
128 silly resolved     readmeFilename: 'readme.md',
128 silly resolved     bugs: { url: 'https://github.com/openexchangerates/accounting.js/issues' },
128 silly resolved     _id: 'accounting@0.4.1',
128 silly resolved     dist: { shasum: '43f3a93f1aaec35259cc5d3a55e2940c9d94ec3b' },
128 silly resolved     _from: 'accounting@',
128 silly resolved     _resolved: 'https://registry.npmjs.org/accounting/-/accounting-0.4.1.tgz' } ]
129 info install accounting@0.4.1 into /home/cptmaumau/Project/NodeJS/dailyboom
130 info installOne accounting@0.4.1
131 info /home/cptmaumau/Project/NodeJS/dailyboom/node_modules/accounting unbuild
132 verbose tar unpack /home/cptmaumau/.npm/accounting/0.4.1/package.tgz
133 silly lockFile d6d7555e-ailyboom-node-modules-accounting tar:///home/cptmaumau/Project/NodeJS/dailyboom/node_modules/accounting
134 verbose lock tar:///home/cptmaumau/Project/NodeJS/dailyboom/node_modules/accounting /home/cptmaumau/.npm/d6d7555e-ailyboom-node-modules-accounting.lock
135 silly lockFile 22823503-npm-accounting-0-4-1-package-tgz tar:///home/cptmaumau/.npm/accounting/0.4.1/package.tgz
136 verbose lock tar:///home/cptmaumau/.npm/accounting/0.4.1/package.tgz /home/cptmaumau/.npm/22823503-npm-accounting-0-4-1-package-tgz.lock
137 silly gunzTarPerm modes [ '755', '644' ]
138 silly gunzTarPerm extractEntry package.json
139 silly gunzTarPerm extractEntry accounting.js
140 silly gunzTarPerm extractEntry accounting.min.js
141 silly gunzTarPerm extractEntry demo-resources/js/prettify.js
142 silly gunzTarPerm extractEntry demo-resources/js/libs/jquery.min.js
143 silly gunzTarPerm extractEntry demo-resources/style.css
144 silly gunzTarPerm extractEntry index.html
145 silly gunzTarPerm extractEntry license
146 silly gunzTarPerm extractEntry readme.md
147 silly gunzTarPerm extractEntry tests/jasmine/core/formatMoneySpec.js
148 silly gunzTarPerm extractEntry tests/jasmine/core/formatNumberSpec.js
149 silly gunzTarPerm extractEntry tests/jasmine/core/unformatSpec.js
150 silly gunzTarPerm extractEntry tests/jasmine/lib/jasmine/jasmine-html.js
151 silly gunzTarPerm extractEntry tests/jasmine/lib/jasmine/jasmine.js
152 silly gunzTarPerm extractEntry tests/jasmine/lib/jasmine/MIT.LICENSE
153 silly gunzTarPerm extractEntry tests/jasmine/lib/jasmine/jasmine.css
154 silly gunzTarPerm extractEntry tests/jasmine/runner.html
155 silly gunzTarPerm extractEntry tests/qunit/methods.js
156 silly gunzTarPerm extractEntry tests/qunit/speed.js
157 silly gunzTarPerm extractEntry tests/qunit/test.html
158 silly gunzTarPerm extractEntry tests/qunit/vendor/jquery.js
159 silly gunzTarPerm extractEntry tests/qunit/vendor/jslitmus.js
160 silly gunzTarPerm extractEntry tests/qunit/vendor/qunit.js
161 silly gunzTarPerm extractEntry tests/qunit/vendor/qunit.css
162 silly lockFile d6d7555e-ailyboom-node-modules-accounting tar:///home/cptmaumau/Project/NodeJS/dailyboom/node_modules/accounting
163 silly lockFile d6d7555e-ailyboom-node-modules-accounting tar:///home/cptmaumau/Project/NodeJS/dailyboom/node_modules/accounting
164 silly lockFile 22823503-npm-accounting-0-4-1-package-tgz tar:///home/cptmaumau/.npm/accounting/0.4.1/package.tgz
165 silly lockFile 22823503-npm-accounting-0-4-1-package-tgz tar:///home/cptmaumau/.npm/accounting/0.4.1/package.tgz
166 info preinstall accounting@0.4.1
167 verbose readDependencies using package.json deps
168 verbose readDependencies using package.json deps
169 silly resolved []
170 verbose about to build /home/cptmaumau/Project/NodeJS/dailyboom/node_modules/accounting
171 info build /home/cptmaumau/Project/NodeJS/dailyboom/node_modules/accounting
172 verbose linkStuff [ false,
172 verbose linkStuff   false,
172 verbose linkStuff   false,
172 verbose linkStuff   '/home/cptmaumau/Project/NodeJS/dailyboom/node_modules' ]
173 info linkStuff accounting@0.4.1
174 verbose linkBins accounting@0.4.1
175 verbose linkMans accounting@0.4.1
176 verbose rebuildBundles accounting@0.4.1
177 info install accounting@0.4.1
178 info postinstall accounting@0.4.1
179 error peerinvalid The package mongoose does not satisfy its siblings' peerDependencies requirements!
179 error peerinvalid Peer mongoose-unique-validator@0.6.1 wants mongoose@^4.2.2
180 error System Linux 3.13.0-24-generic
181 error command "/usr/bin/nodejs" "/usr/bin/npm" "install" "accounting" "--save"
182 error cwd /home/cptmaumau/Project/NodeJS/dailyboom
183 error node -v v0.10.25
184 error npm -v 1.3.10
185 error code EPEERINVALID
186 verbose exit [ 1, true ]
